

Microchip MPLAB XC8 Assembler V2.46 build 20240104201356 
                                                                                                           Thu Jul 11 09:08:27 2024


     1                           	processor	16F18854
     2                           	pagewidth 132
     3                           	psect	udata_shr,global,class=COMMON,space=1,delta=1,noexec
     4                           	psect	udata,global,class=RAM,space=1,delta=1,noexec
     5                           	psect	udata_bank0,global,class=BANK0,space=1,delta=1,noexec
     6                           	psect	udata_bank1,global,class=BANK1,space=1,delta=1,noexec
     7                           	psect	udata_bank2,global,class=BANK2,space=1,delta=1,noexec
     8                           	psect	udata_bank3,global,class=BANK3,space=1,delta=1,noexec
     9                           	psect	udata_bank4,global,class=BANK4,space=1,delta=1,noexec
    10                           	psect	udata_bank5,global,class=BANK5,space=1,delta=1,noexec
    11                           	psect	udata_bank6,global,class=BANK6,space=1,delta=1,noexec
    12                           	psect	code,global,class=CODE,delta=2
    13                           	psect	data,global,class=STRCODE,delta=2,noexec
    14                           	psect	edata,global,class=EEDATA,space=3,delta=2,noexec
    15                           	psect	init,global,class=CODE,delta=2
    16                           	psect	end_init,global,class=CODE,delta=2
    17                           	psect	powerup,global,class=CODE,delta=2
    18                           	psect	cinit,global,class=CODE,delta=2
    19                           	psect	functab,global,class=ENTRY,delta=2
    20                           	psect	idloc,global,class=IDLOC,delta=2,noexec
    21                           	psect	eeprom_data,global,class=EEDATA,space=3,delta=2,noexec
    22                           	psect	intentry,global,class=CODE,delta=2
    23                           	psect	reset_vec,global,class=CODE,delta=2
    24                           	psect	config,global,class=CONFIG,delta=2
    25                           	psect	CommonVar,global,class=COMMON,space=1,delta=1
    26                           	psect	main,global,class=CODE,delta=2
    27                           	psect	pa_nodes0,global,class=CODE,delta=2
    28     007F                     
    29                           	psect	edata
    30     0000                     stk_offset	set	0
    31     0000                     auto_size	set	0
    32                           
    33                           ; stack_auto defines a symbol /name/_offset which equates to the
    34                           ; stack offset of the auto object in question
    35     0000                     
    36                           ; stack_param defines a symbol /name/_offset which equates to the
    37                           ; stack offset of the parameter object in question
    38     0000                     
    39                           ; alloc_stack adjusts the SP to allocate space for auto objects
    40                           ; it also links in to the btemp symbol so that can be used
    41     0000                     
    42                           ; restore_stack adjusts the SP to remove all auto and parameter
    43                           ; objects from the stack prior to returning from a function
    44     0000                     
    45                           	psect	cinit
    46     0000                     start_initialization:
    47                           
    48                           	psect	intentry
    49     0004  0009               	retfie
    50                           
    51                           	psect	reset_vec
    52     0000                     reset_vec:
    53     0000  3180  2805  3180   	ljmp	_main
    54                           
    55                           	psect	config
    56     8007  DFEC               	dw	57324
    57     8008  F7FF               	dw	63487
    58     8009  FFBF               	dw	65471
    59     800A  EFFE               	dw	61438
    60     800B  FFFF               	dw	65535
    61                           
    62                           	psect	CommonVar
    63     0070                     char_case:
    64     0070                     	ds	1
    65     0071                     flag:
    66     0071                     	ds	1
    67                           
    68                           	psect	main
    69     0005                     _main:
    70     0005  0020               	banksel	13
    71     0006  018D               	clrf	13
    72     0007  0020               	banksel	23
    73     0008  0197               	clrf	23
    74     0009  003E               	banksel	3907
    75     000A  01C3               	clrf	3907
    76     000B  0020               	banksel	18
    77     000C  1012               	bcf	18,0
    78     000D  003E               	banksel	3864
    79     000E  3018               	movlw	24
    80     000F  0098               	movwf	3864
    81     0010  0020               	banksel	30
    82     0011  3088               	movlw	136
    83     0012  009E               	movwf	30
    84     0013  0020               	banksel	31
    85     0014  3056               	movlw	86
    86     0015  009F               	movwf	31
    87     0016  0020               	banksel	29
    88     0017  30D8               	movlw	216
    89     0018  009D               	movwf	29
    90     0019                     LOOP:
    91     0019  0020               	banksel	30
    92     001A  1E9E               	btfss	30,5
    93     001B  201F               	call	SET_0
    94     001C  1A9E               	btfsc	30,5
    95     001D  2023               	call	SET_1
    96     001E  2819               	goto	LOOP
    97     001F                     SET_0:
    98     001F  1C71               	btfss	flag,0
    99     0020  0008               	return
   100     0021  1071               	bcf	flag,0
   101     0022  0008               	return
   102     0023                     SET_1:
   103     0023  1871               	btfsc	flag,0
   104     0024  0008               	return
   105     0025  1471               	bsf	flag,0
   106     0026  0008               	return


Microchip Technology PIC Macro Assembler V2.46 build 20240104201356 
Symbol Table                                                                                               Thu Jul 11 09:08:27 2024

                            LATB 0017                              LOOP 0019                              flag 0071  
                           SET_0 001F                             SET_1 0023                             TMR0H 001D  
                           PORTB 000D                             TRISB 0012                             _main 0005  
                          ANSELB 0F43                            T0CON0 001E                            T0CON1 001F  
                          RB0PPS 0F18              start_initialization 0000                         char_case 0070  
                       reset_vec 0000  
